<?xml version="1.0" encoding="UTF-8"?>
<!-- Generated by org.testng.reporters.JUnitReportReporter -->
<testsuite hostname="Mahmoud" failures="0" tests="3" name="tests.UserRegisterationWithFakeData" time="10.138" errors="0" timestamp="2020-08-25T09:58:42 EET" skipped="0">
  <testcase classname="tests.UserRegisterationWithFakeData" name="RegisteredUserCanLogin" time="3.147"/>
  <system-out/>
  <testcase classname="tests.UserRegisterationWithFakeData" name="RegisteredUserCanLogout" time="1.980"/>
  <system-out/>
  <testcase classname="tests.UserRegisterationWithFakeData" name="UserCanRegisterSuccessfully" time="5.011"/>
  <system-out/>
</testsuite> <!-- tests.UserRegisterationWithFakeData -->
