<?xml version="1.0" encoding="UTF-8"?>
<!-- Generated by org.testng.reporters.JUnitReportReporter -->
<testsuite hostname="Mahmoud" failures="0" tests="4" name="tests.ReviewTest" time="12.087" errors="0" timestamp="2020-08-25T09:58:07 EET" skipped="0">
  <testcase classname="tests.ReviewTest" name="UserCanRegisterSuccessfully" time="4.814"/>
  <system-out/>
  <testcase classname="tests.ReviewTest" name="RegisteredUserCanLogout" time="1.326"/>
  <system-out/>
  <testcase classname="tests.ReviewTest" name="UserCanAddReview" time="2.647"/>
  <system-out/>
  <testcase classname="tests.ReviewTest" name="UserCanSearchUsingAutoSuggest" time="3.300"/>
  <system-out/>
</testsuite> <!-- tests.ReviewTest -->
