<?xml version="1.0" encoding="UTF-8"?>
<!-- Generated by org.testng.reporters.JUnitReportReporter -->
<testsuite hostname="Mahmoud" failures="0" tests="4" name="tests.GuestUserCheckOut" time="27.658" errors="0" timestamp="2020-08-27T14:45:14 EET" skipped="0">
  <testcase classname="tests.GuestUserCheckOut" name="UserCanAddProductToShoppingcCart" time="6.753"/>
  <system-out/>
  <testcase classname="tests.GuestUserCheckOut" name="UserCanCheckOutTheProduct" time="16.023"/>
  <system-out/>
  <testcase classname="tests.GuestUserCheckOut" name="UserCanUpdateTheCart" time="0.431"/>
  <system-out/>
  <testcase classname="tests.GuestUserCheckOut" name="ProductSearchUsingAutoSuggest" time="4.451"/>
  <system-out/>
</testsuite> <!-- tests.GuestUserCheckOut -->
