<?xml version="1.0" encoding="UTF-8"?>
<!-- Generated by org.testng.reporters.JUnitReportReporter -->
<testsuite hostname="Mahmoud" failures="0" tests="2" name="tests.ChangeCurrencyTest" time="9.089" errors="0" timestamp="2020-09-02T14:22:56 EET" skipped="0">
  <testcase classname="tests.ChangeCurrencyTest" name="UserCanChangeCurrency" time="3.697"/>
  <system-out/>
  <testcase classname="tests.ChangeCurrencyTest" name="UserCanSearchUsingAutoSuggest" time="5.392"/>
  <system-out/>
</testsuite> <!-- tests.ChangeCurrencyTest -->
