<?xml version="1.0" encoding="UTF-8"?>
<!-- Generated by org.testng.reporters.JUnitReportReporter -->
<testsuite hostname="Mahmoud" failures="0" tests="1" name="tests.ContactUsTest" time="3.154" errors="0" timestamp="2020-09-02T14:23:22 EET" skipped="0">
  <testcase classname="tests.ContactUsTest" name="UserCanUseContactUs" time="3.154"/>
  <system-out/>
</testsuite> <!-- tests.ContactUsTest -->
