<?xml version="1.0" encoding="UTF-8"?>
<!-- Generated by org.testng.reporters.JUnitReportReporter -->
<testsuite skipped="0" hostname="Mahmoud" name="tests.HoverTest" tests="1" failures="0" timestamp="2020-07-20T19:51:53 EET" time="2.739" errors="0">
  <testcase name="OpenNoteBooksPage" time="2.739" classname="tests.HoverTest"/>
  <system-out/>
</testsuite> <!-- tests.HoverTest -->
