<?xml version="1.0" encoding="UTF-8"?>
<!-- Generated by org.testng.reporters.JUnitReportReporter -->
<testsuite hostname="Mahmoud" failures="0" tests="1" name="tests.UserRegisterationWithDDtAndProperties" time="11.661" errors="0" timestamp="2020-08-25T10:01:05 EET" skipped="0">
  <testcase classname="tests.UserRegisterationWithDDtAndProperties" name="UserCanRegisterSuccessfully" time="11.661"/>
  <system-out/>
</testsuite> <!-- tests.UserRegisterationWithDDtAndProperties -->
