<?xml version="1.0" encoding="UTF-8"?>
<!-- Generated by org.testng.reporters.JUnitReportReporter -->
<testsuite hostname="Mahmoud" failures="0" tests="2" name="tests.UserRegisterationWithDDTAndDataProvider" time="21.988" errors="0" timestamp="2020-08-15T18:59:00 EET" skipped="0">
  <testcase classname="tests.UserRegisterationWithDDTAndDataProvider" name="UserCanRegisterSuccessfully" time="10.441"/>
  <system-out/>
  <testcase classname="tests.UserRegisterationWithDDTAndDataProvider" name="UserCanRegisterSuccessfully" time="11.547"/>
  <system-out/>
</testsuite> <!-- tests.UserRegisterationWithDDTAndDataProvider -->
