<?xml version="1.0" encoding="UTF-8"?>
<!-- Generated by org.testng.reporters.JUnitReportReporter -->
<testsuite hostname="Mahmoud" failures="0" tests="3" name="tests.ShoppingCartTest" time="5.526" errors="0" timestamp="2020-08-17T19:03:26 EET" skipped="0">
  <testcase classname="tests.ShoppingCartTest" name="UserCanRemoveProductFromCart" time="1.205"/>
  <system-out/>
  <testcase classname="tests.ShoppingCartTest" name="UserCanUpdateTheCart" time="2.048"/>
  <system-out/>
  <testcase classname="tests.ShoppingCartTest" name="ProductSearchUsingAutoSuggest" time="2.273"/>
  <system-out/>
</testsuite> <!-- tests.ShoppingCartTest -->
