<?xml version="1.0" encoding="UTF-8"?>
<!-- Generated by org.testng.reporters.JUnitReportReporter -->
<testsuite hostname="Mahmoud" failures="0" tests="4" name="tests.AddProductToCompareTest" time="19.689" errors="0" timestamp="2020-08-17T19:03:26 EET" skipped="0">
  <testcase classname="tests.AddProductToCompareTest" name="UserCanSearchUsingAutoSuggest" time="3.829"/>
  <system-out/>
  <testcase classname="tests.AddProductToCompareTest" name="UserCanAddProductToCompare" time="3.159"/>
  <system-out/>
  <testcase classname="tests.AddProductToCompareTest" name="UserCanSearchUsingAutoSuggestForAnotherProduct" time="4.174"/>
  <system-out/>
  <testcase classname="tests.AddProductToCompareTest" name="UserCanAddAnotherProductToCompare" time="8.527"/>
  <system-out/>
</testsuite> <!-- tests.AddProductToCompareTest -->
