<?xml version="1.0" encoding="UTF-8"?>
<!-- Generated by org.testng.reporters.JUnitReportReporter -->
<testsuite hostname="Mahmoud" failures="0" tests="3" name="tests.AddProductToWishListTest" time="13.286" errors="0" timestamp="2020-08-17T19:03:26 EET" skipped="0">
  <testcase classname="tests.AddProductToWishListTest" name="UserCanSearchUsingAutoSuggest" time="7.603"/>
  <system-out/>
  <testcase classname="tests.AddProductToWishListTest" name="UserCanAddProductToWishList" time="3.598"/>
  <system-out/>
  <testcase classname="tests.AddProductToWishListTest" name="UserCanRemoveFromWishList" time="2.085"/>
  <system-out/>
</testsuite> <!-- tests.AddProductToWishListTest -->
