<?xml version="1.0" encoding="UTF-8"?>
<!-- Generated by org.testng.reporters.JUnitReportReporter -->
<testsuite hostname="Mahmoud" failures="0" tests="5" name="tests.EmailToFriendTest" time="3.829" errors="0" timestamp="2020-08-17T19:03:26 EET" skipped="4">
  <testcase classname="tests.EmailToFriendTest" name="UserCanRegisterSuccessfully" time="3.829"/>
  <system-out/>
  <testcase classname="tests.EmailToFriendTest" name="UserCanEmailAFriend">
    <skipped/>
  </testcase> <!-- UserCanEmailAFriend -->
  <system-out/>
  <testcase classname="tests.EmailToFriendTest" name="UserCanSearchUsingAutoSuggest">
    <skipped/>
  </testcase> <!-- UserCanSearchUsingAutoSuggest -->
  <system-out/>
  <testcase classname="tests.EmailToFriendTest" name="RegisteredUserCanLogout">
    <skipped/>
  </testcase> <!-- RegisteredUserCanLogout -->
  <system-out/>
  <testcase classname="tests.EmailToFriendTest" name="UserCanSendEmail">
    <skipped/>
  </testcase> <!-- UserCanSendEmail -->
  <system-out/>
</testsuite> <!-- tests.EmailToFriendTest -->
