<?xml version="1.0" encoding="UTF-8"?>
<!-- Generated by org.testng.reporters.JUnitReportReporter -->
<testsuite hostname="Mahmoud" failures="0" tests="1" name="tests.SearchProductUsingAutoSuggest" time="2.563" errors="0" timestamp="2020-08-17T19:03:26 EET" skipped="0">
  <testcase classname="tests.SearchProductUsingAutoSuggest" name="UserCanSearchUsingAutoSuggest" time="2.563"/>
  <system-out/>
</testsuite> <!-- tests.SearchProductUsingAutoSuggest -->
