<?xml version="1.0" encoding="UTF-8"?>
<!-- Generated by org.testng.reporters.JUnitReportReporter -->
<testsuite hostname="Mahmoud" failures="0" tests="2" name="tests.ChangeCurrencyTest" time="6.316" errors="0" timestamp="2020-08-17T19:03:26 EET" skipped="0">
  <testcase classname="tests.ChangeCurrencyTest" name="UserCanChangeCurrency" time="3.104"/>
  <system-out/>
  <testcase classname="tests.ChangeCurrencyTest" name="UserCanSearchUsingAutoSuggest" time="3.212"/>
  <system-out/>
</testsuite> <!-- tests.ChangeCurrencyTest -->
